<?xml version="1.0" encoding="UTF-8"?>
<robot generator="Robot 3.2.1 (Python 3.8.2 on win32)" generated="20200607 15:03:17.488" rpa="false">
<suite id="s1" name="Tc2 Post Resquest" source="C:\Users\elsys\Documents\pycharm_robot\rest_api\TestCase\tc2_post_resquest.robot">
<test id="s1-t1" name="put_customer_resgistration">
<kw name="Create Session" library="RequestsLibrary">
<doc>Create Session: create a HTTP session to a server</doc>
<arguments>
<arg>mysession</arg>
<arg>${base_url}</arg>
</arguments>
<msg timestamp="20200607 15:03:17.599" level="INFO">Creating Session using : alias=mysession, url=http://restapi.demoqa.com/customer, headers={},                     cookies={}, auth=None, timeout=None, proxies=None, verify=False,                     debug=0 </msg>
<status status="PASS" starttime="20200607 15:03:17.598" endtime="20200607 15:03:17.599"></status>
</kw>
<kw name="Create Dictionary" library="BuiltIn">
<doc>Creates and returns a dictionary based on the given ``items``.</doc>
<arguments>
<arg>FirstName=vini2</arg>
<arg>LastName=pinho2</arg>
<arg>UserName=testeuser2</arg>
<arg>Password=david12342</arg>
<arg>Email=david1234652@gmail.com</arg>
</arguments>
<assign>
<var>${body}</var>
</assign>
<msg timestamp="20200607 15:03:17.600" level="INFO">${body} = {'FirstName': 'vini2', 'LastName': 'pinho2', 'UserName': 'testeuser2', 'Password': 'david12342', 'Email': 'david1234652@gmail.com'}</msg>
<status status="PASS" starttime="20200607 15:03:17.599" endtime="20200607 15:03:17.600"></status>
</kw>
<kw name="Create Dictionary" library="BuiltIn">
<doc>Creates and returns a dictionary based on the given ``items``.</doc>
<arguments>
<arg>Content-Type=application/json</arg>
</arguments>
<assign>
<var>${header}</var>
</assign>
<msg timestamp="20200607 15:03:17.600" level="INFO">${header} = {'Content-Type': 'application/json'}</msg>
<status status="PASS" starttime="20200607 15:03:17.600" endtime="20200607 15:03:17.600"></status>
</kw>
<kw name="Post Request" library="RequestsLibrary">
<doc>Send a POST request on the session object found using the
given `alias`</doc>
<arguments>
<arg>mysession</arg>
<arg>/register</arg>
<arg>data=${body}</arg>
<arg>headers=${header}</arg>
</arguments>
<assign>
<var>${response}</var>
</assign>
<msg timestamp="20200607 15:03:18.804" level="INFO">POST Request : url=http://restapi.demoqa.com/customer/register 
 path_url=/customer/register 
 headers={'User-Agent': 'python-requests/2.23.0', 'Accept-Encoding': 'gzip, deflate', 'Accept': '*/*', 'Connection': 'keep-alive', 'Content-Type': 'application/json', 'Content-Length': '131'} 
 body={"FirstName": "vini2", "LastName": "pinho2", "UserName": "testeuser2", "Password": "david12342", "Email": "david1234652@gmail.com"} 
 </msg>
<msg timestamp="20200607 15:03:18.804" level="INFO">POST Response : url=http://restapi.demoqa.com/customer/register 
 status=201, reason=Created 
 body={
    "SuccessCode": "OPERATION_SUCCESS",
    "Message": "Operation completed successfully"
} 
 </msg>
<msg timestamp="20200607 15:03:18.804" level="INFO">${response} = &lt;Response [201]&gt;</msg>
<status status="PASS" starttime="20200607 15:03:17.601" endtime="20200607 15:03:18.804"></status>
</kw>
<kw name="Log To Console" library="BuiltIn">
<doc>Logs the given message to the console.</doc>
<arguments>
<arg>${response.status_code}</arg>
</arguments>
<status status="PASS" starttime="20200607 15:03:18.804" endtime="20200607 15:03:18.805"></status>
</kw>
<kw name="Log To Console" library="BuiltIn">
<doc>Logs the given message to the console.</doc>
<arguments>
<arg>${response.content}</arg>
</arguments>
<status status="PASS" starttime="20200607 15:03:18.806" endtime="20200607 15:03:18.806"></status>
</kw>
<kw name="Convert To String" library="BuiltIn">
<doc>Converts the given item to a Unicode string.</doc>
<arguments>
<arg>${response.content}</arg>
</arguments>
<assign>
<var>${res_body}</var>
</assign>
<msg timestamp="20200607 15:03:18.807" level="INFO">${res_body} = {
    "SuccessCode": "OPERATION_SUCCESS",
    "Message": "Operation completed successfully"
}</msg>
<status status="PASS" starttime="20200607 15:03:18.806" endtime="20200607 15:03:18.807"></status>
</kw>
<kw name="Should Contain" library="BuiltIn">
<doc>Fails if ``container`` does not contain ``item`` one or more times.</doc>
<arguments>
<arg>${res_body}</arg>
<arg>OPERATION_SUCCESS</arg>
</arguments>
<status status="PASS" starttime="20200607 15:03:18.807" endtime="20200607 15:03:18.807"></status>
</kw>
<kw name="Should Contain" library="BuiltIn">
<doc>Fails if ``container`` does not contain ``item`` one or more times.</doc>
<arguments>
<arg>${res_body}</arg>
<arg>Operation completed successfully</arg>
</arguments>
<status status="PASS" starttime="20200607 15:03:18.807" endtime="20200607 15:03:18.807"></status>
</kw>
<kw name="Convert To String" library="BuiltIn">
<doc>Converts the given item to a Unicode string.</doc>
<arguments>
<arg>${response.status_code}</arg>
</arguments>
<assign>
<var>${status_code}</var>
</assign>
<msg timestamp="20200607 15:03:18.808" level="INFO">${status_code} = 201</msg>
<status status="PASS" starttime="20200607 15:03:18.808" endtime="20200607 15:03:18.808"></status>
</kw>
<kw name="Should Be Equal" library="BuiltIn">
<doc>Fails if the given objects are unequal.</doc>
<arguments>
<arg>${status_code}</arg>
<arg>201</arg>
</arguments>
<status status="PASS" starttime="20200607 15:03:18.808" endtime="20200607 15:03:18.808"></status>
</kw>
<status status="PASS" starttime="20200607 15:03:17.598" endtime="20200607 15:03:18.808" critical="yes"></status>
</test>
<doc>Suite description</doc>
<status status="PASS" starttime="20200607 15:03:17.489" endtime="20200607 15:03:18.809"></status>
</suite>
<statistics>
<total>
<stat pass="1" fail="0">Critical Tests</stat>
<stat pass="1" fail="0">All Tests</stat>
</total>
<tag>
</tag>
<suite>
<stat pass="1" fail="0" id="s1" name="Tc2 Post Resquest">Tc2 Post Resquest</stat>
</suite>
</statistics>
<errors>
</errors>
</robot>
