<?xml version="1.0" encoding="UTF-8"?>
<robot generator="Robot 3.2.1 (Python 3.8.2 on win32)" generated="20200625 01:24:36.322" rpa="false">
<suite id="s1" name="Ame Post" source="C:\Users\elsys\Documents\pycharm_robot\rest_api\TestCase\ame_post.robot">
<test id="s1-t1" name="Post_create_employee">
<kw name="Create Session" library="RequestsLibrary">
<doc>Create Session: create a HTTP session to a server</doc>
<arguments>
<arg>mysession</arg>
<arg>${basic_url}</arg>
</arguments>
<msg timestamp="20200625 01:24:36.516" level="INFO">Creating Session using : alias=mysession, url=http://dummy.restapiexample.com, headers={},                     cookies={}, auth=None, timeout=None, proxies=None, verify=False,                     debug=0 </msg>
<status status="PASS" starttime="20200625 01:24:36.515" endtime="20200625 01:24:36.516"></status>
</kw>
<kw name="Create Dictionary" library="BuiltIn">
<doc>Creates and returns a dictionary based on the given ``items``.</doc>
<arguments>
<arg>name=Vinicius Miranda de Pinho</arg>
<arg>salary=100.000</arg>
<arg>age=42</arg>
</arguments>
<assign>
<var>${body}</var>
</assign>
<msg timestamp="20200625 01:24:36.517" level="INFO">${body} = {'name': 'Vinicius Miranda de Pinho', 'salary': '100.000', 'age': '42'}</msg>
<status status="PASS" starttime="20200625 01:24:36.516" endtime="20200625 01:24:36.517"></status>
</kw>
<kw name="Create Dictionary" library="BuiltIn">
<doc>Creates and returns a dictionary based on the given ``items``.</doc>
<arguments>
<arg>Content-Type=application/json</arg>
<arg>User-Agent=Firefox</arg>
</arguments>
<assign>
<var>${header}</var>
</assign>
<msg timestamp="20200625 01:24:36.517" level="INFO">${header} = {'Content-Type': 'application/json', 'User-Agent': 'Firefox'}</msg>
<status status="PASS" starttime="20200625 01:24:36.517" endtime="20200625 01:24:36.517"></status>
</kw>
<kw name="Post Request" library="RequestsLibrary">
<doc>Send a POST request on the session object found using the
given `alias`</doc>
<arguments>
<arg>mysession</arg>
<arg>/api/v1/create</arg>
<arg>data=${body}</arg>
<arg>headers=${header}</arg>
</arguments>
<assign>
<var>${response}</var>
</assign>
<msg timestamp="20200625 01:24:39.289" level="INFO">POST Request : url=http://dummy.restapiexample.com/api/v1/create 
 path_url=/api/v1/create 
 headers={'User-Agent': 'Firefox', 'Accept-Encoding': 'gzip, deflate', 'Accept': '*/*', 'Connection': 'keep-alive', 'Content-Type': 'application/json', 'Content-Length': '71'} 
 body={"name": "Vinicius Miranda de Pinho", "salary": "100.000", "age": "42"} 
 </msg>
<msg timestamp="20200625 01:24:39.289" level="INFO">POST Response : url=http://dummy.restapiexample.com/api/v1/create 
 status=200, reason=OK 
 body={"status":"success","data":{"name":"Vinicius Miranda de Pinho","salary":"100.000","age":"42","id":78}} 
 </msg>
<msg timestamp="20200625 01:24:39.289" level="INFO">${response} = &lt;Response [200]&gt;</msg>
<status status="PASS" starttime="20200625 01:24:36.517" endtime="20200625 01:24:39.290"></status>
</kw>
<kw name="Log To Console" library="BuiltIn">
<doc>Logs the given message to the console.</doc>
<arguments>
<arg>${response.status_code}</arg>
</arguments>
<status status="PASS" starttime="20200625 01:24:39.291" endtime="20200625 01:24:39.293"></status>
</kw>
<kw name="Log To Console" library="BuiltIn">
<doc>Logs the given message to the console.</doc>
<arguments>
<arg>${response.json()}</arg>
</arguments>
<status status="PASS" starttime="20200625 01:24:39.294" endtime="20200625 01:24:39.296"></status>
</kw>
<kw name="Convert To String" library="BuiltIn">
<doc>Converts the given item to a Unicode string.</doc>
<arguments>
<arg>${response.content}</arg>
</arguments>
<assign>
<var>${response_body}</var>
</assign>
<msg timestamp="20200625 01:24:39.298" level="INFO">${response_body} = {"status":"success","data":{"name":"Vinicius Miranda de Pinho","salary":"100.000","age":"42","id":78}}</msg>
<status status="PASS" starttime="20200625 01:24:39.297" endtime="20200625 01:24:39.299"></status>
</kw>
<kw name="Should Contain" library="BuiltIn">
<doc>Fails if ``container`` does not contain ``item`` one or more times.</doc>
<arguments>
<arg>${response_body}=</arg>
<arg>success</arg>
</arguments>
<status status="PASS" starttime="20200625 01:24:39.299" endtime="20200625 01:24:39.301"></status>
</kw>
<kw name="Convert To String" library="BuiltIn">
<doc>Converts the given item to a Unicode string.</doc>
<arguments>
<arg>${response.status_code}</arg>
</arguments>
<assign>
<var>${status_code}</var>
</assign>
<msg timestamp="20200625 01:24:39.304" level="INFO">${status_code} = 200</msg>
<status status="PASS" starttime="20200625 01:24:39.302" endtime="20200625 01:24:39.304"></status>
</kw>
<kw name="Should Be Equal" library="BuiltIn">
<doc>Fails if the given objects are unequal.</doc>
<arguments>
<arg>${status_code}</arg>
<arg>200</arg>
</arguments>
<status status="PASS" starttime="20200625 01:24:39.307" endtime="20200625 01:24:39.308"></status>
</kw>
<status status="PASS" starttime="20200625 01:24:36.515" endtime="20200625 01:24:39.309" critical="yes"></status>
</test>
<doc>Suite description</doc>
<status status="PASS" starttime="20200625 01:24:36.324" endtime="20200625 01:24:39.313"></status>
</suite>
<statistics>
<total>
<stat pass="1" fail="0">Critical Tests</stat>
<stat pass="1" fail="0">All Tests</stat>
</total>
<tag>
</tag>
<suite>
<stat pass="1" fail="0" id="s1" name="Ame Post">Ame Post</stat>
</suite>
</statistics>
<errors>
</errors>
</robot>
